[debug] [2025-03-02T14:58:30.828Z] ----------------------------------------------------------------------
[debug] [2025-03-02T14:58:30.831Z] Command:       /usr/local/bin/node /usr/local/bin/firebase init
[debug] [2025-03-02T14:58:30.832Z] CLI Version:   13.22.0
[debug] [2025-03-02T14:58:30.832Z] Platform:      darwin
[debug] [2025-03-02T14:58:30.832Z] Node Version:  v20.16.0
[debug] [2025-03-02T14:58:30.832Z] Time:          Sun Mar 02 2025 20:28:30 GMT+0530 (India Standard Time)
[debug] [2025-03-02T14:58:30.833Z] ----------------------------------------------------------------------
[debug] 
[debug] [2025-03-02T14:58:30.842Z] > command requires scopes: ["email","openid","https://www.googleapis.com/auth/cloudplatformprojects.readonly","https://www.googleapis.com/auth/firebase","https://www.googleapis.com/auth/cloud-platform"]
[debug] [2025-03-02T14:58:30.843Z] > authorizing via signed-in user (rishijay.shrivastava@gmail.com)
[info] 
     ######## #### ########  ######## ########     ###     ######  ########
     ##        ##  ##     ## ##       ##     ##  ##   ##  ##       ##
     ######    ##  ########  ######   ########  #########  ######  ######
     ##        ##  ##    ##  ##       ##     ## ##     ##       ## ##
     ##       #### ##     ## ######## ########  ##     ##  ######  ########

You're about to initialize a Firebase project in this directory:

  /Users/rishijay/Documents/Projects/ReactJS/graph-visualizer

[info] 
=== Project Setup
[info] 
[info] First, let's associate this project directory with a Firebase project.
[info] You can create multiple project aliases by running firebase use --add, 
[info] but for now we'll just set up a default project.
[info] 
[debug] [2025-03-02T14:58:48.412Z] Checked if tokens are valid: false, expires at: 1737901744752
[debug] [2025-03-02T14:58:48.412Z] Checked if tokens are valid: false, expires at: 1737901744752
[debug] [2025-03-02T14:58:48.412Z] > refreshing access token with scopes: []
[debug] [2025-03-02T14:58:48.416Z] >>> [apiv2][query] POST https://www.googleapis.com/oauth2/v3/token [none]
[debug] [2025-03-02T14:58:48.416Z] >>> [apiv2][body] POST https://www.googleapis.com/oauth2/v3/token [omitted]
[debug] [2025-03-02T14:58:48.811Z] <<< [apiv2][status] POST https://www.googleapis.com/oauth2/v3/token 200
[debug] [2025-03-02T14:58:48.811Z] <<< [apiv2][body] POST https://www.googleapis.com/oauth2/v3/token [omitted]
[debug] [2025-03-02T14:58:48.857Z] >>> [apiv2][query] GET https://firebase.googleapis.com/v1beta1/projects pageSize=100
[debug] [2025-03-02T14:58:49.798Z] <<< [apiv2][status] GET https://firebase.googleapis.com/v1beta1/projects 200
[debug] [2025-03-02T14:58:49.798Z] <<< [apiv2][body] GET https://firebase.googleapis.com/v1beta1/projects [omitted]
[info] i  Using project new-firebase-project-4517d (New Firebase Project) 
[info] 
=== Hosting Setup
[debug] [2025-03-02T14:58:54.482Z] Checked if tokens are valid: true, expires at: 1740931127811
[debug] [2025-03-02T14:58:54.482Z] Checked if tokens are valid: true, expires at: 1740931127811
[debug] [2025-03-02T14:58:54.482Z] >>> [apiv2][query] GET https://firebase.googleapis.com/v1beta1/projects/new-firebase-project-4517d [none]
[debug] [2025-03-02T14:58:54.861Z] <<< [apiv2][status] GET https://firebase.googleapis.com/v1beta1/projects/new-firebase-project-4517d 200
[debug] [2025-03-02T14:58:54.861Z] <<< [apiv2][body] GET https://firebase.googleapis.com/v1beta1/projects/new-firebase-project-4517d {"projectId":"new-firebase-project-4517d","projectNumber":"843643400839","displayName":"New Firebase Project","name":"projects/new-firebase-project-4517d","resources":{"hostingSite":"new-firebase-project-4517d","realtimeDatabaseInstance":"new-firebase-project-4517d","locationId":"us-central"},"state":"ACTIVE","etag":"1_6ddf1b86-7a68-48aa-9ad5-2b6d1282960e"}
[info] 
[info] Your public directory is the folder (relative to your project directory) that
[info] will contain Hosting assets to be uploaded with firebase deploy. If you
[info] have a build process for your assets, use your build's output directory.
[info] 
[debug] [2025-03-02T14:59:10.742Z] >>> [apiv2][query] GET https://www.gstatic.com/firebasejs/releases.json [none]
[debug] [2025-03-02T14:59:10.850Z] <<< [apiv2][status] GET https://www.gstatic.com/firebasejs/releases.json 200
[debug] [2025-03-02T14:59:10.850Z] <<< [apiv2][body] GET https://www.gstatic.com/firebasejs/releases.json {"current":{"version":"11.4.0","browserURL":"https://www.gstatic.com/firebasejs/11.4.0/firebase.js","packageURL":"https://www.gstatic.com/firebasejs/11.4.0/firebase.tgz"},"live":{"version":"11.4","browserURL":"https://www.gstatic.com/firebasejs/live/11.4/firebase.js","packageURL":"https://www.gstatic.com/firebasejs/live/11.4/firebase.tgz"},"components":{"analytics":"https://www.gstatic.com/firebasejs/11.4.0/firebase-analytics.js","app":"https://www.gstatic.com/firebasejs/11.4.0/firebase-app.js","app-check":"https://www.gstatic.com/firebasejs/11.4.0/firebase-app-check.js","auth":"https://www.gstatic.com/firebasejs/11.4.0/firebase-auth.js","auth/cordova":"https://www.gstatic.com/firebasejs/11.4.0/firebase-auth/cordova.js","auth/web-extension":"https://www.gstatic.com/firebasejs/11.4.0/firebase-auth/web-extension.js","functions":"https://www.gstatic.com/firebasejs/11.4.0/firebase-functions.js","firestore":"https://www.gstatic.com/firebasejs/11.4.0/firebase-firestore.js","firestore/lite":"https://www.gstatic.com/firebasejs/11.4.0/firebase-firestore/lite.js","installations":"https://www.gstatic.com/firebasejs/11.4.0/firebase-installations.js","storage":"https://www.gstatic.com/firebasejs/11.4.0/firebase-storage.js","performance":"https://www.gstatic.com/firebasejs/11.4.0/firebase-performance.js","remote-config":"https://www.gstatic.com/firebasejs/11.4.0/firebase-remote-config.js","messaging":"https://www.gstatic.com/firebasejs/11.4.0/firebase-messaging.js","messaging/sw":"https://www.gstatic.com/firebasejs/11.4.0/firebase-messaging/sw.js","database":"https://www.gstatic.com/firebasejs/11.4.0/firebase-database.js","vertexai":"https://www.gstatic.com/firebasejs/11.4.0/firebase-vertexai.js","data-connect":"https://www.gstatic.com/firebasejs/11.4.0/firebase-data-connect.js","firestore.memory":"https://www.gstatic.com/firebasejs/11.4.0/firebase-firestore.memory.js"}}
[info] i  Skipping write of public/index.html 
[info] 
[info] i  Detected a .git folder at /Users/rishijay/Documents/Projects/ReactJS/graph-visualizer 
[info] i  Authorizing with GitHub to upload your service account to a GitHub repository's secrets store. 
[info] 
[info] Visit this URL on this device to log in:
[info] https://github.com/login/oauth/authorize?client_id=89cf50f02ac6aaed3484&state=481825509&redirect_uri=http%3A%2F%2Flocalhost%3A9005&scope=read%3Auser%20repo%20public_repo
[info] 
[info] Waiting for authentication...
[debug] [2025-03-02T15:01:55.563Z] >>> [apiv2][query] POST https://github.com/login/oauth/access_token [none]
[debug] [2025-03-02T15:01:55.566Z] >>> [apiv2][body] POST https://github.com/login/oauth/access_token [stream]
[debug] [2025-03-02T15:01:55.897Z] <<< [apiv2][status] POST https://github.com/login/oauth/access_token 200
[debug] [2025-03-02T15:01:55.897Z] <<< [apiv2][body] POST https://github.com/login/oauth/access_token {"access_token":"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","token_type":"bearer","scope":"read:user,repo"}
[debug] [2025-03-02T15:01:56.042Z] >>> [apiv2][query] GET https://api.github.com/user [none]
[debug] [2025-03-02T15:01:56.478Z] <<< [apiv2][status] GET https://api.github.com/user 200
[debug] [2025-03-02T15:01:56.479Z] <<< [apiv2][body] GET https://api.github.com/user {"login":"Rishijay","id":37015007,"node_id":"MDQ6VXNlcjM3MDE1MDA3","avatar_url":"https://avatars.githubusercontent.com/u/37015007?v=4","gravatar_id":"","url":"https://api.github.com/users/Rishijay","html_url":"https://github.com/Rishijay","followers_url":"https://api.github.com/users/Rishijay/followers","following_url":"https://api.github.com/users/Rishijay/following{/other_user}","gists_url":"https://api.github.com/users/Rishijay/gists{/gist_id}","starred_url":"https://api.github.com/users/Rishijay/starred{/owner}{/repo}","subscriptions_url":"https://api.github.com/users/Rishijay/subscriptions","organizations_url":"https://api.github.com/users/Rishijay/orgs","repos_url":"https://api.github.com/users/Rishijay/repos","events_url":"https://api.github.com/users/Rishijay/events{/privacy}","received_events_url":"https://api.github.com/users/Rishijay/received_events","type":"User","user_view_type":"private","site_admin":false,"name":"Rishijay Shrivastava","company":null,"blog":"https://rishijay.web.app/","location":null,"email":null,"hireable":true,"bio":null,"twitter_username":null,"notification_email":null,"public_repos":24,"public_gists":0,"followers":0,"following":0,"created_at":"2018-03-03T10:16:01Z","updated_at":"2025-03-01T12:32:15Z","private_gists":0,"total_private_repos":24,"owned_private_repos":24,"disk_usage":322586,"collaborators":1,"two_factor_authentication":true,"plan":{"name":"free","space":976562499,"collaborators":0,"private_repos":10000}}
[info] 
[info] ✔  Success! Logged into GitHub as Rishijay 
[info] 
[debug] [2025-03-02T15:03:40.977Z] >>> [apiv2][query] GET https://api.github.com/repos/rishijay/knowledge-graph-visualizer/actions/secrets/public-key type=owner
[debug] [2025-03-02T15:03:41.343Z] <<< [apiv2][status] GET https://api.github.com/repos/rishijay/knowledge-graph-visualizer/actions/secrets/public-key 404
[debug] [2025-03-02T15:03:41.344Z] <<< [apiv2][body] GET https://api.github.com/repos/rishijay/knowledge-graph-visualizer/actions/secrets/public-key {"message":"Not Found","documentation_url":"https://docs.github.com/rest/actions/secrets#get-a-repository-public-key","status":"404"}
[info] 
[info] 
[error] ⚠  The provided authorization cannot be used with this repository. If this repository is in an organization, did you remember to grant access? 
[info] 
[info] i  Action required: Visit this URL to ensure access has been granted to the appropriate organization(s) for the Firebase CLI GitHub OAuth App: 
[info] https://github.com/settings/connections/applications/89cf50f02ac6aaed3484
[info] 
[debug] [2025-03-02T15:03:44.092Z] >>> [apiv2][query] GET https://api.github.com/repos/rishijay/knowledge-graph-visualizer/actions/secrets/public-key type=owner
[debug] [2025-03-02T15:03:44.332Z] <<< [apiv2][status] GET https://api.github.com/repos/rishijay/knowledge-graph-visualizer/actions/secrets/public-key 404
[debug] [2025-03-02T15:03:44.333Z] <<< [apiv2][body] GET https://api.github.com/repos/rishijay/knowledge-graph-visualizer/actions/secrets/public-key {"message":"Not Found","documentation_url":"https://docs.github.com/rest/actions/secrets#get-a-repository-public-key","status":"404"}
[info] 
[info] 
[error] ⚠  The provided authorization cannot be used with this repository. If this repository is in an organization, did you remember to grant access? 
[info] 
[info] i  Action required: Visit this URL to ensure access has been granted to the appropriate organization(s) for the Firebase CLI GitHub OAuth App: 
[info] https://github.com/settings/connections/applications/89cf50f02ac6aaed3484
[info] 
[debug] [2025-03-02T15:04:01.302Z] >>> [apiv2][query] GET https://api.github.com/repos/knowledge-graph-visualizer/actions/secrets/public-key type=owner
[debug] [2025-03-02T15:04:01.671Z] <<< [apiv2][status] GET https://api.github.com/repos/knowledge-graph-visualizer/actions/secrets/public-key 404
[debug] [2025-03-02T15:04:01.672Z] <<< [apiv2][body] GET https://api.github.com/repos/knowledge-graph-visualizer/actions/secrets/public-key {"message":"Not Found","documentation_url":"https://docs.github.com/rest","status":"404"}
[info] 
[info] 
[error] ⚠  The provided authorization cannot be used with this repository. If this repository is in an organization, did you remember to grant access? 
[info] 
[info] i  Action required: Visit this URL to ensure access has been granted to the appropriate organization(s) for the Firebase CLI GitHub OAuth App: 
[info] https://github.com/settings/connections/applications/89cf50f02ac6aaed3484
[info] 
